<?xml version="1.0" encoding="UTF-8"?>
<robot generator="Robot 4.1.3 (Python 3.7.4 on win32)" generated="20230502 03:08:00.577" rpa="false" schemaversion="2">
<suite id="s1" name="Automation" source="C:\Users\suhelk\PycharmProjects\Automation\Automation">
<suite id="s1-s1" name="Tags" source="C:\Users\suhelk\PycharmProjects\Automation\Automation\Tags.robot">
<test id="s1-s1-t1" name="Test Case 1">
<kw name="Log To Console" library="BuiltIn">
<arg>This is test case 1</arg>
<doc>Logs the given message to the console.</doc>
<status status="PASS" starttime="20230502 03:08:00.875" endtime="20230502 03:08:00.876"/>
</kw>
<tag>Def</tag>
<tag>for</tag>
<status status="PASS" starttime="20230502 03:08:00.874" endtime="20230502 03:08:00.876"/>
</test>
<test id="s1-s1-t2" name="Test Case 2">
<kw name="Log To Console" library="BuiltIn">
<arg>This is test case 2(both Resgression and smoke)</arg>
<doc>Logs the given message to the console.</doc>
<status status="PASS" starttime="20230502 03:08:00.879" endtime="20230502 03:08:00.879"/>
</kw>
<tag>for</tag>
<tag>Regression</tag>
<tag>smoke</tag>
<status status="PASS" starttime="20230502 03:08:00.878" endtime="20230502 03:08:00.880"/>
</test>
<test id="s1-s1-t3" name="Test Case 3">
<kw name="Log To Console" library="BuiltIn">
<arg>This is test case 3</arg>
<doc>Logs the given message to the console.</doc>
<status status="PASS" starttime="20230502 03:08:00.882" endtime="20230502 03:08:00.882"/>
</kw>
<tag>for</tag>
<tag>Regression</tag>
<status status="PASS" starttime="20230502 03:08:00.881" endtime="20230502 03:08:00.883"/>
</test>
<test id="s1-s1-t4" name="Test Case 4">
<kw name="Log To Console" library="BuiltIn">
<arg>This is test case 4</arg>
<doc>Logs the given message to the console.</doc>
<status status="PASS" starttime="20230502 03:08:00.885" endtime="20230502 03:08:00.886"/>
</kw>
<tag>for</tag>
<tag>Smoke</tag>
<status status="PASS" starttime="20230502 03:08:00.885" endtime="20230502 03:08:00.886"/>
</test>
<test id="s1-s1-t5" name="Test Case 5">
<kw name="Log To Console" library="BuiltIn">
<arg>This is test case 5</arg>
<doc>Logs the given message to the console.</doc>
<status status="PASS" starttime="20230502 03:08:00.888" endtime="20230502 03:08:00.889"/>
</kw>
<tag>for</tag>
<tag>Sanity</tag>
<status status="PASS" starttime="20230502 03:08:00.888" endtime="20230502 03:08:00.889"/>
</test>
<doc>Tags in Robot Framework</doc>
<status status="PASS" starttime="20230502 03:08:00.609" endtime="20230502 03:08:00.891"/>
</suite>
<status status="PASS" starttime="20230502 03:08:00.579" endtime="20230502 03:08:00.892"/>
</suite>
<statistics>
<total>
<stat pass="5" fail="0" skip="0">All Tests</stat>
</total>
<tag>
<stat pass="1" fail="0" skip="0">Def</stat>
<stat pass="5" fail="0" skip="0">for</stat>
<stat pass="2" fail="0" skip="0">Regression</stat>
<stat pass="1" fail="0" skip="0">Sanity</stat>
<stat pass="2" fail="0" skip="0">smoke</stat>
</tag>
<suite>
<stat pass="5" fail="0" skip="0" id="s1" name="Automation">Automation</stat>
<stat pass="5" fail="0" skip="0" id="s1-s1" name="Tags">Automation.Tags</stat>
</suite>
</statistics>
<errors>
</errors>
</robot>
