<?xml version="1.0" encoding="UTF-8"?>
<robot generator="Robot 4.1.3 (Python 3.7.4 on win32)" generated="20230417 16:50:29.606" rpa="false" schemaversion="2">
<suite id="s1" name="XML-Validation3" source="C:\Users\suhelk\PycharmProjects\Automation\API_Testing\XML-Validation3.robot">
<test id="s1-t1" name="validation1">
<kw name="Create Session" library="RequestsLibrary">
<arg>my session</arg>
<arg>${Base_url}</arg>
<doc>Create Session: create a HTTP session to a server</doc>
<msg timestamp="20230417 16:50:29.848" level="INFO">Creating Session using : alias=my session, url=https://www.w3schools.com/, headers={},                     cookies={}, auth=None, timeout=None, proxies=None, verify=False,                     debug=0 </msg>
<status status="PASS" starttime="20230417 16:50:29.848" endtime="20230417 16:50:29.848"/>
</kw>
<kw name="GET On Session" library="RequestsLibrary">
<var>${response}</var>
<arg>my session</arg>
<arg>${end_url}</arg>
<doc>Sends a GET request on a previously created HTTP Session.</doc>
<msg timestamp="20230417 16:50:29.938" level="INFO">GET Request : url=https://www.w3schools.com/xml/note.xml 
 path_url=/xml/note.xml 
 headers={'User-Agent': 'python-requests/2.27.1', 'Accept-Encoding': 'gzip, deflate', 'Accept': '*/*', 'Connection': 'keep-alive'} 
 body=None 
 </msg>
<msg timestamp="20230417 16:50:29.938" level="INFO">GET Response : url=https://www.w3schools.com/xml/note.xml 
 status=200, reason=OK 
 headers={'Content-Encoding': 'gzip', 'Accept-Ranges': 'bytes', 'Age': '11404', 'Cache-Control': 'public,max-age=14400,public', 'Content-Security-Policy': "frame-ancestors 'self' https://mycourses.w3schools.com;", 'Content-Type': 'text/xml', 'Date': 'Mon, 17 Apr 2023 11:20:28 GMT', 'Etag': '"0b96e4ad56ed91:0+gzip"', 'Last-Modified': 'Fri, 14 Apr 2023 13:30:34 GMT', 'Server': 'ECS (blr/D18C)', 'Vary': 'Accept-Encoding', 'X-Cache': 'HIT', 'X-Content-Security-Policy': "frame-ancestors 'self' https://mycourses.w3schools.com;", 'X-Powered-By': 'ASP.NET', 'Content-Length': '149'} 
 body=&lt;?xml version="1.0" encoding="UTF-8"?&gt;
&lt;note&gt;
  &lt;to&gt;Tove&lt;/to&gt;
  &lt;from&gt;Jani&lt;/from&gt;
  &lt;heading&gt;Reminder&lt;/heading&gt;
  &lt;body&gt;Don't forget me this weekend!&lt;/body&gt;
&lt;/note&gt; 
 </msg>
<msg timestamp="20230417 16:50:29.938" level="INFO">c:\users\suhelk\appdata\local\programs\python\python37\lib\site-packages\urllib3\connectionpool.py:1050: InsecureRequestWarning: Unverified HTTPS request is being made to host 'www.w3schools.com'. Adding certificate verification is strongly advised. See: https://urllib3.readthedocs.io/en/1.26.x/advanced-usage.html#ssl-warnings
  InsecureRequestWarning,</msg>
<msg timestamp="20230417 16:50:29.938" level="INFO">${response} = &lt;Response [200]&gt;</msg>
<status status="PASS" starttime="20230417 16:50:29.848" endtime="20230417 16:50:29.938"/>
</kw>
<kw name="Convert To String" library="BuiltIn">
<var>${res_string}</var>
<arg>${response.content}</arg>
<doc>Converts the given item to a Unicode string.</doc>
<msg timestamp="20230417 16:50:29.953" level="INFO">${res_string} = &lt;?xml version="1.0" encoding="UTF-8"?&gt;
&lt;note&gt;
  &lt;to&gt;Tove&lt;/to&gt;
  &lt;from&gt;Jani&lt;/from&gt;
  &lt;heading&gt;Reminder&lt;/heading&gt;
  &lt;body&gt;Don't forget me this weekend!&lt;/body&gt;
&lt;/note&gt;</msg>
<status status="PASS" starttime="20230417 16:50:29.938" endtime="20230417 16:50:29.953"/>
</kw>
<kw name="Parse Xml" library="XML">
<var>${XML_obj}</var>
<arg>${res_string}</arg>
<doc>Parses the given XML file or string into an element structure.</doc>
<msg timestamp="20230417 16:50:29.953" level="INFO">${XML_obj} = &lt;Element 'note' at 0x000001132169E228&gt;</msg>
<status status="PASS" starttime="20230417 16:50:29.953" endtime="20230417 16:50:29.953"/>
</kw>
<kw name="Element Text Should Be" library="XML">
<arg>${XML_obj}</arg>
<arg>Tove</arg>
<arg>.//to</arg>
<doc>Verifies that the text of the specified element is ``expected``.</doc>
<status status="PASS" starttime="20230417 16:50:29.953" endtime="20230417 16:50:29.953"/>
</kw>
<kw name="Get Child Elements" library="XML">
<var>${child_elements}</var>
<arg>${XML_obj}</arg>
<doc>Returns the child elements of the specified element as a list.</doc>
<msg timestamp="20230417 16:50:29.953" level="INFO">${child_elements} = [&lt;Element 'to' at 0x000001132169E138&gt;, &lt;Element 'from' at 0x000001132169E188&gt;, &lt;Element 'heading' at 0x000001132169E368&gt;, &lt;Element 'body' at 0x000001132169E0E8&gt;]</msg>
<status status="PASS" starttime="20230417 16:50:29.953" endtime="20230417 16:50:29.953"/>
</kw>
<kw name="Should Not Be Empty" library="BuiltIn">
<arg>${child_elements}</arg>
<doc>Verifies that the given item is not empty.</doc>
<msg timestamp="20230417 16:50:29.953" level="INFO">Length is 4</msg>
<status status="PASS" starttime="20230417 16:50:29.953" endtime="20230417 16:50:29.953"/>
</kw>
<kw name="Get Element Text" library="XML">
<var>${to}</var>
<arg>${child_elements[0]}</arg>
<doc>Returns all text of the element, possibly whitespace normalized.</doc>
<msg timestamp="20230417 16:50:29.953" level="INFO">${to} = Tove</msg>
<status status="PASS" starttime="20230417 16:50:29.953" endtime="20230417 16:50:29.953"/>
</kw>
<kw name="Get Element Text" library="XML">
<var>${from}</var>
<arg>${child_elements[1]}</arg>
<doc>Returns all text of the element, possibly whitespace normalized.</doc>
<msg timestamp="20230417 16:50:29.953" level="INFO">${from} = Jani</msg>
<status status="PASS" starttime="20230417 16:50:29.953" endtime="20230417 16:50:29.953"/>
</kw>
<kw name="Get Element Text" library="XML">
<var>${heading}</var>
<arg>${child_elements[2]}</arg>
<doc>Returns all text of the element, possibly whitespace normalized.</doc>
<msg timestamp="20230417 16:50:29.953" level="INFO">${heading} = Reminder</msg>
<status status="PASS" starttime="20230417 16:50:29.953" endtime="20230417 16:50:29.953"/>
</kw>
<status status="PASS" starttime="20230417 16:50:29.848" endtime="20230417 16:50:29.953"/>
</test>
<status status="PASS" starttime="20230417 16:50:29.606" endtime="20230417 16:50:29.953"/>
</suite>
<statistics>
<total>
<stat pass="1" fail="0" skip="0">All Tests</stat>
</total>
<tag>
</tag>
<suite>
<stat pass="1" fail="0" skip="0" id="s1" name="XML-Validation3">XML-Validation3</stat>
</suite>
</statistics>
<errors>
</errors>
</robot>
