<?xml version="1.0" encoding="UTF-8"?>
<robot generator="Robot 4.1.3 (Python 3.7.4 on win32)" generated="20230429 23:28:32.557" rpa="false" schemaversion="2">
<suite id="s1" name="Resources1" source="C:\Users\suhelk\PycharmProjects\Automation\Resources\Resources1.robot">
<test id="s1-t1" name="without keyword1">
<kw name="without keyword">
<kw name="Set Selenium Speed" library="SeleniumLibrary">
<arg>2</arg>
<doc>Sets the delay that is waited after each Selenium command.</doc>
<status status="PASS" starttime="20230429 23:28:32.881" endtime="20230429 23:28:32.881"/>
</kw>
<kw name="Open Browser" library="SeleniumLibrary">
<arg>${url}</arg>
<arg>${browser}</arg>
<doc>Opens a new browser instance to the optional ``url``.</doc>
<msg timestamp="20230429 23:28:32.881" level="INFO">Opening browser 'chrome' to base url 'https://www.thetestingworld.com/'.</msg>
<status status="PASS" starttime="20230429 23:28:32.881" endtime="20230429 23:28:41.549"/>
</kw>
<kw name="Maximize Browser Window" library="SeleniumLibrary">
<doc>Maximizes current browser window.</doc>
<status status="PASS" starttime="20230429 23:28:41.549" endtime="20230429 23:28:43.693"/>
</kw>
<status status="PASS" starttime="20230429 23:28:32.880" endtime="20230429 23:28:43.693"/>
</kw>
<status status="PASS" starttime="20230429 23:28:32.879" endtime="20230429 23:28:43.694"/>
</test>
<status status="PASS" starttime="20230429 23:28:32.559" endtime="20230429 23:28:43.698"/>
</suite>
<statistics>
<total>
<stat pass="1" fail="0" skip="0">All Tests</stat>
</total>
<tag>
</tag>
<suite>
<stat pass="1" fail="0" skip="0" id="s1" name="Resources1">Resources1</stat>
</suite>
</statistics>
<errors>
</errors>
</robot>
