<?xml version="1.0" encoding="UTF-8"?>
<robot generator="Robot 4.1.3 (Python 3.7.4 on win32)" generated="20221207 23:58:38.686" rpa="false" schemaversion="2">
<suite id="s1" name="Jio Payment" source="C:\Users\suhelk\PycharmProjects\Automation\Jio payment\jio payment.robot">
<test id="s1-t1" name="JIO">
<kw name="Recharge">
<kw name="Open Browser" library="SeleniumLibrary">
<arg>${browser}</arg>
<arg>chrome</arg>
<doc>Opens a new browser instance to the optional ``url``.</doc>
<msg timestamp="20221207 23:58:39.186" level="INFO">Opening browser 'chrome' to base url 'https://www.jio.com/selfcare/plans/mobility/prepaid-plans-list/?category=Popular%20Plans&amp;categoryId=UG9wdWxhciBQbGFucw=='.</msg>
<status status="PASS" starttime="20221207 23:58:39.186" endtime="20221207 23:58:59.111"/>
</kw>
<kw name="Maximize Browser Window" library="SeleniumLibrary">
<doc>Maximizes current browser window.</doc>
<status status="PASS" starttime="20221207 23:58:59.112" endtime="20221207 23:58:59.318"/>
</kw>
<kw name="Click Element" library="SeleniumLibrary">
<arg>${prpaid}</arg>
<doc>Click the element identified by ``locator``.</doc>
<msg timestamp="20221207 23:58:59.320" level="INFO">Clicking element 'xpath:(//a[@class='j-link j-text-body-s-bold is-text header_item-links_link'])[2]'.</msg>
<status status="PASS" starttime="20221207 23:58:59.318" endtime="20221207 23:59:29.259"/>
</kw>
<kw name="Sleep" library="BuiltIn">
<arg>5sec</arg>
<doc>Pauses the test executed for the given time.</doc>
<msg timestamp="20221207 23:59:34.276" level="INFO">Slept 5 seconds</msg>
<status status="PASS" starttime="20221207 23:59:29.260" endtime="20221207 23:59:34.276"/>
</kw>
<kw name="Click Element" library="SeleniumLibrary">
<arg>${topup}</arg>
<doc>Click the element identified by ``locator``.</doc>
<msg timestamp="20221207 23:59:34.277" level="INFO">Clicking element 'xpath:(//button[@class='j-button j-button-size__medium secondary'])[11]'.</msg>
<status status="PASS" starttime="20221207 23:59:34.276" endtime="20221207 23:59:41.541"/>
</kw>
<kw name="Sleep" library="BuiltIn">
<arg>3sec</arg>
<doc>Pauses the test executed for the given time.</doc>
<msg timestamp="20221207 23:59:44.556" level="INFO">Slept 3 seconds</msg>
<status status="PASS" starttime="20221207 23:59:41.541" endtime="20221207 23:59:44.556"/>
</kw>
<kw name="Click Element" library="SeleniumLibrary">
<arg>${recharge}</arg>
<doc>Click the element identified by ``locator``.</doc>
<msg timestamp="20221207 23:59:44.558" level="INFO">Clicking element 'xpath:(//button[@class='j-button j-button-size__medium primary'])[3]'.</msg>
<status status="PASS" starttime="20221207 23:59:44.556" endtime="20221207 23:59:44.689"/>
</kw>
<kw name="Sleep" library="BuiltIn">
<arg>2sec</arg>
<doc>Pauses the test executed for the given time.</doc>
<msg timestamp="20221207 23:59:46.695" level="INFO">Slept 2 seconds</msg>
<status status="PASS" starttime="20221207 23:59:44.689" endtime="20221207 23:59:46.695"/>
</kw>
<kw name="Input Text" library="SeleniumLibrary">
<arg>${number_field}</arg>
<arg>${number}</arg>
<doc>Types the given ``text`` into the text field identified by ``locator``.</doc>
<msg timestamp="20221207 23:59:46.696" level="INFO">Typing text '8618581435' into text field 'xpath://input[@type='tel']'.</msg>
<status status="PASS" starttime="20221207 23:59:46.695" endtime="20221207 23:59:46.888"/>
</kw>
<kw name="Click Element" library="SeleniumLibrary">
<arg>${submit_button}</arg>
<doc>Click the element identified by ``locator``.</doc>
<msg timestamp="20221207 23:59:46.891" level="INFO">Clicking element 'xpath:(//button[@class='j-button j-button-size__medium primary'])[13]'.</msg>
<msg timestamp="20221207 23:59:47.362" level="INFO" html="true">&lt;/td&gt;&lt;/tr&gt;&lt;tr&gt;&lt;td colspan="3"&gt;&lt;a href="selenium-screenshot-9.png"&gt;&lt;img src="selenium-screenshot-9.png" width="800px"&gt;&lt;/a&gt;</msg>
<msg timestamp="20221207 23:59:47.506" level="FAIL">Element with locator 'xpath:(//button[@class='j-button j-button-size__medium primary'])[13]' not found.</msg>
<status status="FAIL" starttime="20221207 23:59:46.888" endtime="20221207 23:59:47.507"/>
</kw>
<kw name="Sleep" library="BuiltIn">
<arg>10sec</arg>
<doc>Pauses the test executed for the given time.</doc>
<status status="NOT RUN" starttime="20221207 23:59:47.507" endtime="20221207 23:59:47.508"/>
</kw>
<kw name="Click Element" library="SeleniumLibrary">
<arg>${net_banking}</arg>
<doc>Click the element identified by ``locator``.</doc>
<status status="NOT RUN" starttime="20221207 23:59:47.508" endtime="20221207 23:59:47.508"/>
</kw>
<kw name="Sleep" library="BuiltIn">
<arg>5sec</arg>
<doc>Pauses the test executed for the given time.</doc>
<status status="NOT RUN" starttime="20221207 23:59:47.508" endtime="20221207 23:59:47.508"/>
</kw>
<kw name="Click Element" library="SeleniumLibrary">
<arg>${ICICI_bank}</arg>
<doc>Click the element identified by ``locator``.</doc>
<status status="NOT RUN" starttime="20221207 23:59:47.508" endtime="20221207 23:59:47.508"/>
</kw>
<kw name="Sleep" library="BuiltIn">
<arg>5sec</arg>
<doc>Pauses the test executed for the given time.</doc>
<status status="NOT RUN" starttime="20221207 23:59:47.509" endtime="20221207 23:59:47.509"/>
</kw>
<kw name="Click Element" library="SeleniumLibrary">
<arg>${pay}</arg>
<doc>Click the element identified by ``locator``.</doc>
<status status="NOT RUN" starttime="20221207 23:59:47.509" endtime="20221207 23:59:47.509"/>
</kw>
<kw name="Sleep" library="BuiltIn">
<arg>15sec</arg>
<doc>Pauses the test executed for the given time.</doc>
<status status="NOT RUN" starttime="20221207 23:59:47.509" endtime="20221207 23:59:47.509"/>
</kw>
<kw name="Close Browser" library="SeleniumLibrary">
<doc>Closes the current browser.</doc>
<status status="NOT RUN" starttime="20221207 23:59:47.510" endtime="20221207 23:59:47.510"/>
</kw>
<status status="FAIL" starttime="20221207 23:58:39.185" endtime="20221207 23:59:47.511"/>
</kw>
<status status="FAIL" starttime="20221207 23:58:39.184" endtime="20221207 23:59:47.512">Element with locator 'xpath:(//button[@class='j-button j-button-size__medium primary'])[13]' not found.</status>
</test>
<status status="FAIL" starttime="20221207 23:58:38.689" endtime="20221207 23:59:47.518"/>
</suite>
<statistics>
<total>
<stat pass="0" fail="1" skip="0">All Tests</stat>
</total>
<tag>
</tag>
<suite>
<stat pass="0" fail="1" skip="0" id="s1" name="Jio Payment">Jio Payment</stat>
</suite>
</statistics>
<errors>
</errors>
</robot>
