<?xml version="1.0" encoding="UTF-8"?>
<robot generator="Robot 4.1.3 (Python 3.7.4 on win32)" generated="20230105 20:15:06.018" rpa="false" schemaversion="2">
<suite id="s1" name="Input boxes" source="C:\Users\suhelk\PycharmProjects\Automation\Automation\Input boxes.robot">
<test id="s1-t1" name="Input Box Verify">
<kw name="inputtext1">
<kw name="Open Browser" library="SeleniumLibrary">
<arg>${browser}</arg>
<arg>chrome</arg>
<doc>Opens a new browser instance to the optional ``url``.</doc>
<msg timestamp="20230105 20:15:06.548" level="INFO">Opening browser 'chrome' to base url 'https://www.facebook.com/'.</msg>
<status status="PASS" starttime="20230105 20:15:06.548" endtime="20230105 20:15:12.935"/>
</kw>
<kw name="Maximize Browser Window" library="SeleniumLibrary">
<doc>Maximizes current browser window.</doc>
<status status="PASS" starttime="20230105 20:15:12.935" endtime="20230105 20:15:13.121"/>
</kw>
<kw name="Set Variable" library="BuiltIn">
<var>${email}</var>
<arg>id:email</arg>
<doc>Returns the given values which can then be assigned to a variables.</doc>
<msg timestamp="20230105 20:15:13.122" level="INFO">${email} = id:email</msg>
<status status="PASS" starttime="20230105 20:15:13.121" endtime="20230105 20:15:13.122"/>
</kw>
<kw name="Element Should Be Enabled" library="SeleniumLibrary">
<arg>${email}</arg>
<doc>Verifies that element identified by ``locator`` is enabled.</doc>
<status status="PASS" starttime="20230105 20:15:13.122" endtime="20230105 20:15:13.217"/>
</kw>
<kw name="Element Should Be Visible" library="SeleniumLibrary">
<arg>${email}</arg>
<doc>Verifies that the element identified by ``locator`` is visible.</doc>
<msg timestamp="20230105 20:15:13.258" level="INFO">Element 'id:email' is displayed.</msg>
<status status="PASS" starttime="20230105 20:15:13.217" endtime="20230105 20:15:13.258"/>
</kw>
<kw name="Input Text" library="SeleniumLibrary">
<arg>${email}</arg>
<arg>suhelk739 @gmail.com</arg>
<doc>Types the given ``text`` into the text field identified by ``locator``.</doc>
<msg timestamp="20230105 20:15:13.261" level="INFO">Typing text 'suhelk739 @gmail.com' into text field 'id:email'.</msg>
<status status="PASS" starttime="20230105 20:15:13.259" endtime="20230105 20:15:13.475"/>
</kw>
<kw name="Clear Element Text" library="SeleniumLibrary">
<arg>${email}</arg>
<doc>Clears the value of the text-input-element identified by ``locator``.</doc>
<status status="PASS" starttime="20230105 20:15:13.476" endtime="20230105 20:15:13.532"/>
</kw>
<kw name="Close Browser" library="SeleniumLibrary">
<doc>Closes the current browser.</doc>
<status status="PASS" starttime="20230105 20:15:13.533" endtime="20230105 20:15:15.842"/>
</kw>
<status status="PASS" starttime="20230105 20:15:06.547" endtime="20230105 20:15:15.844"/>
</kw>
<tag>demo</tag>
<status status="PASS" starttime="20230105 20:15:06.547" endtime="20230105 20:15:15.846"/>
</test>
<status status="PASS" starttime="20230105 20:15:06.021" endtime="20230105 20:15:15.850"/>
</suite>
<statistics>
<total>
<stat pass="1" fail="0" skip="0">All Tests</stat>
</total>
<tag>
<stat pass="1" fail="0" skip="0">demo</stat>
</tag>
<suite>
<stat pass="1" fail="0" skip="0" id="s1" name="Input boxes">Input boxes</stat>
</suite>
</statistics>
<errors>
</errors>
</robot>
