<?xml version="1.0" encoding="UTF-8"?>
<robot generator="Robot 4.1.3 (Python 3.7.4 on win32)" generated="20230318 22:36:16.561" rpa="false" schemaversion="2">
<suite id="s1" name="Tags" source="C:\Users\suhelk\PycharmProjects\Automation\Automation\tags.robot">
<test id="s1-t1" name="Test Case 1">
<kw name="Log To Console" library="BuiltIn">
<arg>This is test case 1</arg>
<doc>Logs the given message to the console.</doc>
<status status="PASS" starttime="20230318 22:36:16.879" endtime="20230318 22:36:16.879"/>
</kw>
<tag>Smoke</tag>
<status status="PASS" starttime="20230318 22:36:16.879" endtime="20230318 22:36:16.879"/>
</test>
<test id="s1-t2" name="Test Case 2">
<kw name="Log To Console" library="BuiltIn">
<arg>This is test case 2</arg>
<doc>Logs the given message to the console.</doc>
<status status="PASS" starttime="20230318 22:36:16.887" endtime="20230318 22:36:16.887"/>
</kw>
<tag>Regression</tag>
<status status="PASS" starttime="20230318 22:36:16.879" endtime="20230318 22:36:16.887"/>
</test>
<test id="s1-t3" name="Test Case 3">
<kw name="Log To Console" library="BuiltIn">
<arg>This is test case 3</arg>
<doc>Logs the given message to the console.</doc>
<status status="PASS" starttime="20230318 22:36:16.887" endtime="20230318 22:36:16.887"/>
</kw>
<tag>Regression</tag>
<status status="PASS" starttime="20230318 22:36:16.887" endtime="20230318 22:36:16.887"/>
</test>
<test id="s1-t4" name="Test Case 4">
<kw name="Log To Console" library="BuiltIn">
<arg>This is test case 4</arg>
<doc>Logs the given message to the console.</doc>
<status status="PASS" starttime="20230318 22:36:16.887" endtime="20230318 22:36:16.887"/>
</kw>
<tag>Smoke</tag>
<status status="PASS" starttime="20230318 22:36:16.887" endtime="20230318 22:36:16.887"/>
</test>
<doc>Tags in Robot Framework</doc>
<status status="PASS" starttime="20230318 22:36:16.567" endtime="20230318 22:36:16.887"/>
</suite>
<statistics>
<total>
<stat pass="4" fail="0" skip="0">All Tests</stat>
</total>
<tag>
<stat pass="2" fail="0" skip="0">Regression</stat>
<stat pass="2" fail="0" skip="0">Smoke</stat>
</tag>
<suite>
<stat pass="4" fail="0" skip="0" id="s1" name="Tags">Tags</stat>
</suite>
</statistics>
<errors>
</errors>
</robot>
