<?xml version="1.0" encoding="UTF-8"?>
<robot generator="Robot 4.1.3 (Python 3.7.4 on win32)" generated="20230106 23:51:45.604" rpa="false" schemaversion="2">
<suite id="s1" name="Alert" source="C:\Users\suhelk\PycharmProjects\Automation\Automation\Alert.robot">
<test id="s1-t1" name="Alert11">
<kw name="Alert1">
<kw name="Open Browser" library="SeleniumLibrary">
<arg>${Browser}</arg>
<arg>chrome</arg>
<doc>Opens a new browser instance to the optional ``url``.</doc>
<msg timestamp="20230106 23:51:46.014" level="INFO">Opening browser 'chrome' to base url 'https://testautomationpractice.blogspot.com/'.</msg>
<status status="PASS" starttime="20230106 23:51:46.014" endtime="20230106 23:51:58.055"/>
</kw>
<kw name="Set Selenium Speed" library="SeleniumLibrary">
<arg>2</arg>
<doc>Sets the delay that is waited after each Selenium command.</doc>
<status status="PASS" starttime="20230106 23:51:58.055" endtime="20230106 23:51:58.056"/>
</kw>
<kw name="Maximize Browser Window" library="SeleniumLibrary">
<doc>Maximizes current browser window.</doc>
<status status="PASS" starttime="20230106 23:51:58.056" endtime="20230106 23:52:00.195"/>
</kw>
<kw name="Wait Until Page Contains Element" library="SeleniumLibrary">
<arg>xpath://button[@onclick='myFunction()']</arg>
<doc>Waits until the element ``locator`` appears on the current page.</doc>
<status status="PASS" starttime="20230106 23:52:00.196" endtime="20230106 23:52:02.212"/>
</kw>
<kw name="Click Element" library="SeleniumLibrary">
<arg>xpath://button[@onclick='myFunction()']</arg>
<doc>Click the element identified by ``locator``.</doc>
<msg timestamp="20230106 23:52:02.212" level="INFO">Clicking element 'xpath://button[@onclick='myFunction()']'.</msg>
<status status="PASS" starttime="20230106 23:52:02.212" endtime="20230106 23:52:06.307"/>
</kw>
<kw name="Handle Alert" library="SeleniumLibrary">
<arg>accept</arg>
<doc>Handles the current alert and returns its message.</doc>
<msg timestamp="20230106 23:52:06.308" level="INFO">HANDLE::&lt;class 'NoneType'&gt;::None</msg>
<status status="PASS" starttime="20230106 23:52:06.308" endtime="20230106 23:52:12.344"/>
</kw>
<kw name="Click Element" library="SeleniumLibrary">
<arg>xpath://button[@onclick='myFunction()']</arg>
<doc>Click the element identified by ``locator``.</doc>
<msg timestamp="20230106 23:52:12.344" level="INFO">Clicking element 'xpath://button[@onclick='myFunction()']'.</msg>
<status status="PASS" starttime="20230106 23:52:12.344" endtime="20230106 23:52:16.398"/>
</kw>
<kw name="Handle Alert" library="SeleniumLibrary">
<arg>dismiss</arg>
<doc>Handles the current alert and returns its message.</doc>
<msg timestamp="20230106 23:52:16.399" level="INFO">HANDLE::&lt;class 'NoneType'&gt;::None</msg>
<status status="PASS" starttime="20230106 23:52:16.398" endtime="20230106 23:52:22.438"/>
</kw>
<kw name="Click Element" library="SeleniumLibrary">
<arg>xpath://button[@onclick='myFunction()']</arg>
<doc>Click the element identified by ``locator``.</doc>
<msg timestamp="20230106 23:52:22.439" level="INFO">Clicking element 'xpath://button[@onclick='myFunction()']'.</msg>
<status status="PASS" starttime="20230106 23:52:22.439" endtime="20230106 23:52:26.497"/>
</kw>
<kw name="Handle Alert" library="SeleniumLibrary">
<arg>leave</arg>
<doc>Handles the current alert and returns its message.</doc>
<msg timestamp="20230106 23:52:26.499" level="INFO">HANDLE::&lt;class 'NoneType'&gt;::None</msg>
<status status="PASS" starttime="20230106 23:52:26.498" endtime="20230106 23:52:30.527"/>
</kw>
<status status="PASS" starttime="20230106 23:51:46.014" endtime="20230106 23:52:30.528"/>
</kw>
<status status="PASS" starttime="20230106 23:51:46.013" endtime="20230106 23:52:30.529"/>
</test>
<status status="PASS" starttime="20230106 23:51:45.606" endtime="20230106 23:52:30.536"/>
</suite>
<statistics>
<total>
<stat pass="1" fail="0" skip="0">All Tests</stat>
</total>
<tag>
</tag>
<suite>
<stat pass="1" fail="0" skip="0" id="s1" name="Alert">Alert</stat>
</suite>
</statistics>
<errors>
</errors>
</robot>
